SF:lib/providers/lecciones.dart
DA:14,1
DA:16,0
DA:17,0
DA:20,0
DA:21,0
DA:24,0
DA:25,0
DA:28,0
DA:29,0
DA:32,1
DA:33,1
DA:34,2
DA:36,1
DA:38,2
DA:43,2
DA:47,1
DA:49,1
DA:51,4
DA:55,4
DA:56,4
DA:57,3
DA:58,3
DA:60,0
DA:70,1
DA:81,3
DA:82,1
DA:90,1
DA:91,3
DA:93,3
DA:94,2
DA:95,2
DA:96,2
DA:100,1
DA:101,3
DA:104,2
DA:105,3
DA:107,1
DA:109,2
DA:110,2
DA:111,2
DA:113,2
DA:117,1
DA:118,1
DA:125,1
DA:126,4
DA:127,4
DA:131,0
DA:134,1
DA:135,1
DA:136,1
DA:137,2
DA:139,1
DA:140,1
DA:144,2
DA:145,1
DA:146,1
DA:147,1
DA:150,2
DA:152,1
DA:153,1
DA:154,2
DA:155,5
DA:156,2
DA:157,5
DA:158,4
DA:159,1
DA:164,1
DA:166,3
DA:167,2
DA:168,2
DA:169,2
DA:175,1
DA:176,1
DA:177,2
DA:179,1
DA:180,1
DA:181,1
DA:185,2
DA:186,1
DA:187,1
DA:188,1
DA:191,2
DA:193,1
DA:194,1
DA:195,2
DA:196,5
DA:197,2
DA:198,5
DA:199,4
DA:200,1
DA:204,3
DA:205,2
DA:206,2
DA:207,2
DA:212,1
DA:213,3
DA:214,3
DA:218,1
DA:221,0
DA:222,0
DA:223,0
DA:225,0
DA:226,0
DA:228,0
DA:230,0
DA:231,0
DA:232,0
DA:233,0
DA:234,0
DA:238,0
DA:244,1
DA:245,1
DA:246,2
DA:248,5
DA:249,2
DA:250,2
DA:251,1
DA:253,2
DA:254,0
DA:255,0
DA:256,0
DA:257,0
DA:259,1
LF:123
LH:97
end_of_record
SF:lib/providers/auth.dart
DA:16,0
DA:17,0
DA:20,0
DA:21,0
DA:24,0
DA:25,0
DA:26,0
DA:27,0
DA:28,0
DA:33,0
DA:34,0
DA:37,0
DA:41,0
DA:42,0
DA:46,0
DA:50,0
DA:53,0
DA:56,0
DA:57,0
DA:59,0
DA:60,0
DA:61,0
DA:62,0
DA:63,0
DA:64,0
DA:70,0
DA:73,0
DA:74,0
DA:78,0
DA:82,0
DA:83,0
DA:84,0
DA:85,0
DA:87,0
DA:88,0
DA:89,0
DA:90,0
DA:91,0
DA:92,0
DA:93,0
DA:95,0
DA:96,0
DA:97,0
DA:98,0
DA:99,0
DA:100,0
DA:101,0
DA:105,0
DA:111,0
DA:112,0
DA:113,0
DA:118,0
DA:120,0
DA:122,0
DA:125,0
DA:126,0
DA:127,0
DA:128,0
DA:130,0
DA:131,0
DA:135,0
DA:136,0
DA:137,0
DA:138,0
DA:139,0
DA:140,0
DA:141,0
DA:143,0
DA:144,0
DA:145,0
DA:148,0
DA:149,0
DA:150,0
DA:152,0
DA:153,0
LF:75
LH:0
end_of_record
SF:lib/providers/leccion.dart
DA:8,1
DA:22,1
DA:31,0
DA:32,0
LF:4
LH:2
end_of_record
SF:lib/providers/test.dart
DA:20,0
LF:1
LH:0
end_of_record
SF:lib/providers/pregunta.dart
DA:14,0
LF:1
LH:0
end_of_record
